2025-10-21 09:29:19,768 - ERROR - yt-dlp não retornou um caminho de arquivo válido para 'All of me - Play along - Eb version'
2025-10-21 09:29:23,690 - ERROR - yt-dlp não retornou um caminho de arquivo válido para 'Alone together - Play along - Eb version'
2025-10-21 09:29:25,450 - ERROR - yt-dlp não retornou um caminho de arquivo válido para 'Angel eyes - Play along - Eb version'
2025-10-21 09:29:26,598 - ERROR - yt-dlp não retornou um caminho de arquivo válido para 'All the things you are - Play along - Eb version'
2025-10-21 09:29:59,315 - ERROR - yt-dlp não retornou um caminho de arquivo válido para 'A fine romance - Play along - Eb version'
2025-10-21 09:30:04,854 - ERROR - yt-dlp não retornou um caminho de arquivo válido para 'A foggy day - Play along - Eb version'
2025-10-21 09:30:20,455 - ERROR - yt-dlp não retornou um caminho de arquivo válido para 'Afternoon in paris - Play along - Eb version'
2025-10-21 09:30:22,015 - ERROR - yt-dlp não retornou um caminho de arquivo válido para 'Alice in wonderland - Play along - Eb version'
2025-10-21 09:30:25,641 - ERROR - yt-dlp não retornou um caminho de arquivo válido para '500 miles high - Play along - Eb Instruments version'
2025-10-21 09:30:35,498 - ERROR - yt-dlp não retornou um caminho de arquivo válido para 'Afro Blue - Play along - Eb version'
2025-10-21 09:30:46,914 - ERROR - yt-dlp não retornou um caminho de arquivo válido para 'Blue Bossa Eb version - Play along'
2025-10-21 09:31:19,770 - ERROR - yt-dlp não retornou um caminho de arquivo válido para 'A child is born - Play along - Eb Version'
2025-10-21 09:31:26,304 - ERROR - yt-dlp não retornou um caminho de arquivo válido para 'Airegin - Play along - Eb version'
2025-10-21 09:31:36,931 - ERROR - yt-dlp não retornou um caminho de arquivo válido para '502 Blues - Play along - Eb version'
2025-10-21 09:31:37,211 - ERROR - yt-dlp não retornou um caminho de arquivo válido para 'All Blues - Play along - Eb version'
2025-10-21 09:32:15,415 - ERROR - yt-dlp não retornou um caminho de arquivo válido para 'All in love is fair - Play along - Eb version'
2025-10-21 09:32:32,586 - ERROR - yt-dlp não retornou um caminho de arquivo válido para 'All My Tomorrows - Play along - Eb version'
2025-10-21 09:32:54,766 - ERROR - yt-dlp não retornou um caminho de arquivo válido para 'Ana Maria - Play along - Eb version'
2025-10-21 09:33:11,861 - ERROR - yt-dlp não retornou um caminho de arquivo válido para 'All of You - Play along - Eb version'
2025-10-21 09:33:15,404 - ERROR - yt-dlp não retornou um caminho de arquivo válido para 'Anthropology - Play along - Eb version'
2025-10-21 09:33:21,837 - ERROR - yt-dlp não retornou um caminho de arquivo válido para 'April In Paris - Play along - Eb version'
2025-10-21 09:34:05,109 - ERROR - yt-dlp não retornou um caminho de arquivo válido para 'Arise Her Eyes - Play along - Eb version'
2025-10-21 09:34:13,498 - ERROR - yt-dlp não retornou um caminho de arquivo válido para 'Au Privave  - Play along - Eb version'
2025-10-21 09:34:18,407 - ERROR - yt-dlp não retornou um caminho de arquivo válido para 'April Joy - Play along - Eb version'
2025-10-21 09:34:19,963 - ERROR - yt-dlp não retornou um caminho de arquivo válido para 'Autumn In New York - Play along - Eb version'
2025-10-21 09:34:57,635 - ERROR - yt-dlp não retornou um caminho de arquivo válido para 'As Time Goes By - Play along - Eb version'
2025-10-21 09:35:00,420 - ERROR - yt-dlp não retornou um caminho de arquivo válido para 'Autumn Leaves E minor version - Play along - Eb version'
2025-10-21 09:35:12,764 - ERROR - yt-dlp não retornou um caminho de arquivo válido para 'Billie's Bounce - Play along - Eb instruments'
2025-10-21 09:35:27,563 - ERROR - yt-dlp não retornou um caminho de arquivo válido para 'Beautiful love - Play along - Eb instruments'
2025-10-21 09:36:11,448 - ERROR - yt-dlp não retornou um caminho de arquivo válido para 'Donna Lee -Play along - Eb instruments'
2025-10-21 09:36:16,242 - ERROR - yt-dlp não retornou um caminho de arquivo válido para 'Dewey Square - Play along - Eb instruments'
2025-10-21 09:36:20,270 - ERROR - yt-dlp não retornou um caminho de arquivo válido para 'Confirmation - Play along - Eb instruments'
2025-10-21 09:36:25,537 - ERROR - yt-dlp não retornou um caminho de arquivo válido para 'My little suede shoes - Play along - Eb instruments'
2025-10-21 09:36:45,998 - ERROR - yt-dlp não retornou um caminho de arquivo válido para 'Now's The Time - Play along - Eb instruments'
2025-10-21 09:37:19,601 - ERROR - yt-dlp não retornou um caminho de arquivo válido para 'Thirving from a riff (Anthropology) - Play Along - Eb instruments'
2025-10-21 09:37:21,137 - ERROR - yt-dlp não retornou um caminho de arquivo válido para 'Ornithology - Play along - Eb instruments'
2025-10-21 09:37:23,723 - ERROR - yt-dlp não retornou um caminho de arquivo válido para 'Scrapple From The Apple - Play along - Eb instruments'
2025-10-21 09:37:38,134 - ERROR - yt-dlp não retornou um caminho de arquivo válido para 'Yardbird Suite - Play along - Eb instruments'
2025-10-21 09:38:33,717 - ERROR - yt-dlp não retornou um caminho de arquivo válido para 'Nardis - Play along - Eb instruments'
2025-10-21 09:38:38,855 - ERROR - yt-dlp não retornou um caminho de arquivo válido para 'Milestones - Play along - Eb instruments'
2025-10-21 09:38:44,190 - ERROR - yt-dlp não retornou um caminho de arquivo válido para 'Perdido - Play along - Eb instruments'
2025-10-21 09:39:29,595 - ERROR - yt-dlp não retornou um caminho de arquivo válido para 'Blue In Green - Play along - Eb instruments'
2025-10-21 09:39:30,074 - ERROR - yt-dlp não retornou um caminho de arquivo válido para 'In a sentimental mood - Play along - Eb instruments'
2025-10-21 09:39:37,687 - ERROR - yt-dlp não retornou um caminho de arquivo válido para 'I'm just a lucky so and so - Play along - Eb instruments'
2025-10-21 09:39:42,157 - ERROR - yt-dlp não retornou um caminho de arquivo válido para 'I'm beginning to see the light - Play along - Eb instruments'
2025-10-21 09:40:28,314 - ERROR - yt-dlp não retornou um caminho de arquivo válido para 'Half Nelson - Play along - Eb instruments'
2025-10-21 09:40:34,644 - ERROR - yt-dlp não retornou um caminho de arquivo válido para 'Four - Play along - Eb instruments'
2025-10-21 09:40:52,764 - ERROR - yt-dlp não retornou um caminho de arquivo válido para 'Caravan - Play along - Eb instruments'
2025-10-21 09:41:02,104 - ERROR - yt-dlp não retornou um caminho de arquivo válido para 'Do Nothin' Till You Hear From Me - Play along - Eb instruments'
2025-10-21 09:41:14,803 - ERROR - yt-dlp não retornou um caminho de arquivo válido para 'Tune up - Play along - Eb instruments'
2025-10-21 09:41:16,839 - ERROR - yt-dlp não retornou um caminho de arquivo válido para 'Take the "A" train - Play along - Eb instruments'
2025-10-21 09:41:37,344 - ERROR - yt-dlp não retornou um caminho de arquivo válido para 'Solar - Play along - Eb instruments'
2025-10-21 09:42:20,345 - ERROR - yt-dlp não retornou um caminho de arquivo válido para 'Seven steps to heaven - Play along - Eb instruments'
2025-10-21 09:42:28,330 - ERROR - yt-dlp não retornou um caminho de arquivo válido para 'Satin doll - Play along - Eb instruments'
2025-10-21 09:42:29,944 - ERROR - yt-dlp não retornou um caminho de arquivo válido para 'Sophisticated lady - Play along - Eb instruments'
2025-10-21 09:42:35,152 - ERROR - yt-dlp não retornou um caminho de arquivo válido para 'Prelude to a kiss - Play along - Eb instruments'
2025-10-21 09:43:10,046 - ERROR - yt-dlp não retornou um caminho de arquivo válido para 'Blues for alice - Play along - Eb instruments'
2025-10-21 09:43:24,112 - ERROR - yt-dlp não retornou um caminho de arquivo válido para 'Feels so good - Play along - Eb instruments'
2025-10-21 09:43:24,572 - ERROR - Erro detalhado para 'Feels so good - Play along - Eb instruments': DownloadError - [0;31mERROR:[0m The downloaded file is empty
2025-10-21 09:43:34,176 - ERROR - yt-dlp não retornou um caminho de arquivo válido para 'Birk's works - Play along - Eb instruments'
2025-10-21 09:43:56,428 - ERROR - yt-dlp não retornou um caminho de arquivo válido para 'Blues in the closet - Play along - Eb instruments'
2025-10-21 09:44:11,314 - ERROR - yt-dlp não retornou um caminho de arquivo válido para 'Mr.  P.C.  - Play along - Eb instruments'
2025-10-21 09:44:16,541 - ERROR - yt-dlp não retornou um caminho de arquivo válido para 'Freddie freeloader - Play along - Eb instruments'
2025-10-21 09:44:18,384 - ERROR - yt-dlp não retornou um caminho de arquivo válido para 'C Jam blues - Play along - Eb instruments'
2025-10-21 09:44:43,634 - ERROR - yt-dlp não retornou um caminho de arquivo válido para 'Tenor madness - Play along - Eb instruments'
2025-10-21 09:45:13,194 - ERROR - yt-dlp não retornou um caminho de arquivo válido para 'My Romance- Play along - Eb Instruments'
2025-10-21 09:45:15,648 - ERROR - yt-dlp não retornou um caminho de arquivo válido para 'Things ain't what they used to be - Play along - Eb instruments'
2025-10-21 09:45:34,814 - ERROR - yt-dlp não retornou um caminho de arquivo válido para 'My One And Only Love- Play along - Eb Instruments'
2025-10-21 09:45:44,601 - ERROR - yt-dlp não retornou um caminho de arquivo válido para 'The Nearness of You- Play along - Eb Instruments'
2025-10-21 09:46:07,748 - ERROR - yt-dlp não retornou um caminho de arquivo válido para 'My Funny Valentine- Play along - Eb Instruments'
2025-10-21 09:46:21,953 - ERROR - yt-dlp não retornou um caminho de arquivo válido para 'Here is That Rainy Day- Play along - Eb Instruments'
2025-10-21 09:46:51,106 - ERROR - yt-dlp não retornou um caminho de arquivo válido para 'But Beautiful- Play along - Eb Instruments'
2025-10-21 09:46:54,568 - ERROR - yt-dlp não retornou um caminho de arquivo válido para 'Misty- Play along - Eb Instruments'
2025-10-21 09:47:21,804 - ERROR - yt-dlp não retornou um caminho de arquivo válido para 'Body and Soul- Play along - Eb Instruments'
2025-10-21 09:47:32,699 - ERROR - yt-dlp não retornou um caminho de arquivo válido para 'Angel eyes - Play along - Bb version'
2025-10-21 09:48:00,795 - ERROR - yt-dlp não retornou um caminho de arquivo válido para 'My Foolish Heart- Play along - Eb Instruments'
2025-10-21 09:48:07,559 - ERROR - yt-dlp não retornou um caminho de arquivo válido para 'Alone together - Play along - Bb version'
2025-10-21 09:48:07,656 - ERROR - yt-dlp não retornou um caminho de arquivo válido para 'All the things you are - Play along - Bb version'
2025-10-21 09:48:13,584 - ERROR - yt-dlp não retornou um caminho de arquivo válido para 'All of me - Play along - Bb version'
2025-10-21 09:48:43,599 - ERROR - yt-dlp não retornou um caminho de arquivo válido para 'Afternoon in paris - Play along - Bb version'
2025-10-21 09:48:53,404 - ERROR - yt-dlp não retornou um caminho de arquivo válido para 'A fine romance - Play along - Bb version'
2025-10-21 09:49:16,365 - ERROR - yt-dlp não retornou um caminho de arquivo válido para 'Alice in wonderland - Play along - Bb version'
2025-10-21 09:49:20,304 - ERROR - yt-dlp não retornou um caminho de arquivo válido para '500 miles high - Play along - Bb Instruments version'
2025-10-21 09:49:21,570 - ERROR - yt-dlp não retornou um caminho de arquivo válido para 'A foggy day - Play along - Bb version'
2025-10-21 09:49:24,999 - ERROR - yt-dlp não retornou um caminho de arquivo válido para 'A child is born - Play along - Bb Version'
2025-10-21 09:49:40,254 - ERROR - yt-dlp não retornou um caminho de arquivo válido para 'Afro Blue - Play along - Bb version'
2025-10-21 09:49:44,220 - ERROR - yt-dlp não retornou um caminho de arquivo válido para 'Blue Bossa Bb version - Play along'
2025-10-21 09:50:17,540 - ERROR - yt-dlp não retornou um caminho de arquivo válido para '502 Blues - Play along - Bb version'
2025-10-21 09:50:30,960 - ERROR - yt-dlp não retornou um caminho de arquivo válido para 'All Blues - Play along - Bb version'
2025-10-21 09:50:44,055 - ERROR - yt-dlp não retornou um caminho de arquivo válido para 'Airegin - Play along - Bb version'
2025-10-21 09:50:47,094 - ERROR - yt-dlp não retornou um caminho de arquivo válido para 'All in love is fair - Play along - Bb version'
2025-10-21 09:50:57,740 - ERROR - yt-dlp não retornou um caminho de arquivo válido para 'All My Tomorrows - Play along - Bb version'
2025-10-21 09:51:41,189 - ERROR - yt-dlp não retornou um caminho de arquivo válido para 'Anthropology - Play along - Bb version'
2025-10-21 09:51:48,150 - ERROR - yt-dlp não retornou um caminho de arquivo válido para 'April In Paris - Play along - Bb version'
2025-10-21 09:51:57,666 - ERROR - yt-dlp não retornou um caminho de arquivo válido para 'All of You - Play along - Bb version'
2025-10-21 09:51:59,223 - ERROR - yt-dlp não retornou um caminho de arquivo válido para 'Ana Maria - Play along - Bb version'
2025-10-21 09:52:39,235 - ERROR - yt-dlp não retornou um caminho de arquivo válido para 'Autumn Leaves D minor version - Play along - Bb version'
2025-10-21 09:52:41,724 - ERROR - yt-dlp não retornou um caminho de arquivo válido para 'April Joy - Play along - Bb version'
2025-10-21 09:52:50,865 - ERROR - yt-dlp não retornou um caminho de arquivo válido para 'Arise Her Eyes - Play along - Bb version'
2025-10-21 09:53:05,616 - ERROR - yt-dlp não retornou um caminho de arquivo válido para 'Autumn In New York - Play along - Bb version'
2025-10-21 09:53:34,507 - ERROR - yt-dlp não retornou um caminho de arquivo válido para 'Autumn Leaves E minor version - Play along - Bb version'
2025-10-21 09:53:42,065 - ERROR - yt-dlp não retornou um caminho de arquivo válido para 'Au Privave  - Play along - Bb version'
2025-10-21 09:53:51,259 - ERROR - yt-dlp não retornou um caminho de arquivo válido para 'As Time Goes By - Play along - Bb version'
2025-10-21 09:53:53,936 - ERROR - yt-dlp não retornou um caminho de arquivo válido para 'Billie's Bounce - Play along - Bb instruments'
2025-10-21 09:54:07,012 - ERROR - yt-dlp não retornou um caminho de arquivo válido para 'Confirmation - Play along - Bb instruments'
2025-10-21 09:54:34,906 - ERROR - yt-dlp não retornou um caminho de arquivo válido para 'My little suede shoes - Play along - Bb instruments'
2025-10-21 09:54:37,288 - ERROR - yt-dlp não retornou um caminho de arquivo válido para 'Donna Lee  -Play along - Bb instruments'
2025-10-21 09:54:40,195 - ERROR - yt-dlp não retornou um caminho de arquivo válido para 'Beautiful Love - Play along - Bb instruments'
2025-10-21 09:55:18,207 - ERROR - yt-dlp não retornou um caminho de arquivo válido para 'Now's The Time - Play along - Bb instruments'
2025-10-21 09:55:21,827 - ERROR - yt-dlp não retornou um caminho de arquivo válido para 'Dewey Square - Play along - Bb instruments'
2025-10-21 09:55:26,119 - ERROR - yt-dlp não retornou um caminho de arquivo válido para 'Ornithology - Play along - Bb instruments'
2025-10-21 09:55:29,678 - ERROR - yt-dlp não retornou um caminho de arquivo válido para 'Scrapple From The Apple - Play along - Bb instruments'
2025-10-21 09:55:47,694 - ERROR - yt-dlp não retornou um caminho de arquivo válido para 'Thirving from a riff (Anthropology) - Play Along - Bb instruments'
2025-10-21 09:56:21,973 - ERROR - yt-dlp não retornou um caminho de arquivo válido para 'Nardis - Play along - Bb instruments'
2025-10-21 09:56:28,565 - ERROR - yt-dlp não retornou um caminho de arquivo válido para 'Yardbird Suite - Play along - Bb instruments'
2025-10-21 09:56:33,433 - ERROR - yt-dlp não retornou um caminho de arquivo válido para 'Perdido - Play along - Bb instruments'
2025-10-21 09:56:43,826 - ERROR - yt-dlp não retornou um caminho de arquivo válido para 'Milestones - Play along - Bb instruments'
2025-10-21 09:57:23,287 - ERROR - yt-dlp não retornou um caminho de arquivo válido para 'I'm just a lucky so and so - Play along - Bb instruments'
2025-10-21 09:57:36,066 - ERROR - yt-dlp não retornou um caminho de arquivo válido para 'In a sentimental mood - Play along - Bb instruments'
2025-10-21 09:57:39,843 - ERROR - yt-dlp não retornou um caminho de arquivo válido para 'Blue In Green - Play along - Bb instruments'
2025-10-21 09:57:45,639 - ERROR - yt-dlp não retornou um caminho de arquivo válido para 'I'm beginning to see the light - Play along - Bb instruments'
2025-10-21 09:58:21,208 - ERROR - yt-dlp não retornou um caminho de arquivo válido para 'Four - Play along - Bb instruments'
2025-10-21 09:58:23,976 - ERROR - yt-dlp não retornou um caminho de arquivo válido para 'Half Nelson - Play along - Bb instruments'
2025-10-21 09:58:45,658 - ERROR - yt-dlp não retornou um caminho de arquivo válido para 'Caravan - Play along - Bb instruments'
2025-10-21 09:59:07,407 - ERROR - yt-dlp não retornou um caminho de arquivo válido para 'Tune up - Play along - Bb instruments'
2025-10-21 09:59:19,278 - ERROR - yt-dlp não retornou um caminho de arquivo válido para 'Do Nothin' Till You Hear From Me - Play along - Bb instruments'
2025-10-21 09:59:23,328 - ERROR - yt-dlp não retornou um caminho de arquivo válido para 'Take the "A" train - Play along - Bb instruments'
2025-10-21 09:59:41,397 - ERROR - yt-dlp não retornou um caminho de arquivo válido para 'Solar - Play along - Bb instruments'
2025-10-21 09:59:41,680 - ERROR - yt-dlp não retornou um caminho de arquivo válido para 'Sophisticated lady - Play along - Bb instruments'
2025-10-21 10:00:21,885 - ERROR - yt-dlp não retornou um caminho de arquivo válido para 'Seven steps to heaven - Play along - Bb instruments'
2025-10-21 10:00:37,236 - ERROR - yt-dlp não retornou um caminho de arquivo válido para 'Prelude to a kiss - Play along - Bb instruments'
2025-10-21 10:00:41,955 - ERROR - yt-dlp não retornou um caminho de arquivo válido para 'Satin doll - Play along - Bb instruments'
2025-10-21 10:00:48,871 - ERROR - yt-dlp não retornou um caminho de arquivo válido para 'Feels so good - Play along - Bb instruments'
2025-10-21 10:01:15,726 - ERROR - yt-dlp não retornou um caminho de arquivo válido para 'Blues for alice - Play along - Bb instruments'
2025-10-21 10:01:21,177 - ERROR - yt-dlp não retornou um caminho de arquivo válido para 'Birk's works - Play along - Bb instruments'
2025-10-21 10:01:24,003 - ERROR - yt-dlp não retornou um caminho de arquivo válido para 'Blues in the closet - Play along - Bb instruments'
2025-10-21 10:01:25,837 - ERROR - yt-dlp não retornou um caminho de arquivo válido para 'C Jam blues - Play along - Bb instruments'
2025-10-21 10:01:49,716 - ERROR - yt-dlp não retornou um caminho de arquivo válido para 'Mr.  P.C. -  Play along - Bb instruments'
2025-10-21 10:01:53,262 - ERROR - yt-dlp não retornou um caminho de arquivo válido para 'Tenor madness - Play along - Bb instruments'
2025-10-21 10:02:24,188 - ERROR - yt-dlp não retornou um caminho de arquivo válido para 'Things ain't what they used to be - Play along - Bb instruments'
2025-10-21 10:02:29,257 - ERROR - yt-dlp não retornou um caminho de arquivo válido para 'Freddie freeloader - Play along - Bb instruments'
2025-10-21 10:02:39,851 - ERROR - yt-dlp não retornou um caminho de arquivo válido para 'The Nearness of You- Play along - Bb Instruments'
2025-10-21 10:03:04,492 - ERROR - yt-dlp não retornou um caminho de arquivo válido para 'My Romance- Play along - Bb Instruments'
2025-10-21 10:03:16,344 - ERROR - yt-dlp não retornou um caminho de arquivo válido para 'My One And Only Love- Play along - Bb Instruments'
2025-10-21 10:03:19,588 - ERROR - yt-dlp não retornou um caminho de arquivo válido para 'My Funny Valentine- Play along - Bb Instruments'
2025-10-21 10:03:44,119 - ERROR - yt-dlp não retornou um caminho de arquivo válido para 'My Foolish Heart- Play along - Bb Instruments'
2025-10-21 10:03:57,273 - ERROR - yt-dlp não retornou um caminho de arquivo válido para 'Here is That Rainy Day- Play along - Bb Instruments'
2025-10-21 10:04:20,412 - ERROR - yt-dlp não retornou um caminho de arquivo válido para 'Misty- Play along - Bb Instruments'
2025-10-21 10:04:36,177 - ERROR - yt-dlp não retornou um caminho de arquivo válido para 'Body and Soul- Play along - Bb Instruments'
2025-10-21 10:04:36,614 - ERROR - yt-dlp não retornou um caminho de arquivo válido para 'But Beautiful- Play along - Bb Instruments'
2025-10-21 10:04:44,657 - ERROR - yt-dlp não retornou um caminho de arquivo válido para 'Angel eyes - Play along - C bass version'
2025-10-21 10:05:24,029 - ERROR - yt-dlp não retornou um caminho de arquivo válido para 'All of me - Play along - C bass version'
2025-10-21 10:05:25,571 - ERROR - yt-dlp não retornou um caminho de arquivo válido para 'Alone together - Play along - C bass version'
2025-10-21 10:05:26,928 - ERROR - yt-dlp não retornou um caminho de arquivo válido para 'Alice in wonderland - Play along - C bass version'
2025-10-21 10:05:30,586 - ERROR - yt-dlp não retornou um caminho de arquivo válido para 'All the things you are - Play along - C bass version'
2025-10-21 10:05:55,909 - ERROR - yt-dlp não retornou um caminho de arquivo válido para 'A fine romance - Play along - C bass version'
2025-10-21 10:05:56,649 - ERROR - yt-dlp não retornou um caminho de arquivo válido para '500 miles high - Play along - C bass Instruments version'
2025-10-21 10:06:02,559 - ERROR - yt-dlp não retornou um caminho de arquivo válido para 'Afternoon in paris - Play along - C bass version'
2025-10-21 10:06:18,377 - ERROR - yt-dlp não retornou um caminho de arquivo válido para 'A foggy day - Play along - C bass version'
2025-10-21 10:06:32,630 - ERROR - yt-dlp não retornou um caminho de arquivo válido para 'A child is born - Play along - C bass Version'
2025-10-21 10:06:32,913 - ERROR - yt-dlp não retornou um caminho de arquivo válido para 'Afro Blue - Play along - C bass version'
2025-10-21 10:06:34,568 - ERROR - yt-dlp não retornou um caminho de arquivo válido para 'Blue Bossa Bass clef version - Play along'
2025-10-21 10:06:44,073 - ERROR - yt-dlp não retornou um caminho de arquivo válido para '502 Blues - Play along - C bass version'
2025-10-21 10:07:11,059 - ERROR - yt-dlp não retornou um caminho de arquivo válido para 'All Blues - Play along - C bass version'
2025-10-21 10:07:41,459 - ERROR - yt-dlp não retornou um caminho de arquivo válido para 'All My Tomorrows - Play along - C bass version'
2025-10-21 10:07:48,768 - ERROR - yt-dlp não retornou um caminho de arquivo válido para 'Airegin - Play along - C bass version'
2025-10-21 10:08:01,616 - ERROR - yt-dlp não retornou um caminho de arquivo válido para 'All in love is fair - Play along - C bass version'
2025-10-21 10:08:12,669 - ERROR - yt-dlp não retornou um caminho de arquivo válido para 'All of You - Play along - C bass version'
2025-10-21 10:08:35,815 - ERROR - yt-dlp não retornou um caminho de arquivo válido para 'Ana Maria - Play along - C bass version'
2025-10-21 10:08:47,297 - ERROR - yt-dlp não retornou um caminho de arquivo válido para 'Anthropology - Play along - C bass version'
2025-10-21 10:08:48,291 - ERROR - yt-dlp não retornou um caminho de arquivo válido para 'April In Paris - Play along - C bass version'
2025-10-21 10:09:16,574 - ERROR - yt-dlp não retornou um caminho de arquivo válido para 'Autumn Leaves D minor version - Play along - C bass version'
2025-10-21 10:09:22,157 - ERROR - yt-dlp não retornou um caminho de arquivo válido para 'Au Privave  - Play along - C bass version'
2025-10-21 10:09:40,547 - ERROR - yt-dlp não retornou um caminho de arquivo válido para 'As Time Goes By - Play along - C bass version'
2025-10-21 10:09:54,465 - ERROR - yt-dlp não retornou um caminho de arquivo válido para 'April Joy - Play along - C bass version'
2025-10-21 10:10:00,052 - ERROR - yt-dlp não retornou um caminho de arquivo válido para 'Arise Her Eyes - Play along - C bass version'
2025-10-21 10:10:25,905 - ERROR - yt-dlp não retornou um caminho de arquivo válido para 'Autumn Leaves E minor version - Play along - C bass version'
2025-10-21 10:10:34,076 - ERROR - yt-dlp não retornou um caminho de arquivo válido para 'Autumn In New York - Play along - C bass version'
2025-10-21 10:10:35,707 - ERROR - yt-dlp não retornou um caminho de arquivo válido para 'Billie's Bounce - Play along - C bass instruments'
2025-10-21 10:10:57,675 - ERROR - yt-dlp não retornou um caminho de arquivo válido para 'Confirmation - Play along - C bass instruments'
2025-10-21 10:11:10,669 - ERROR - yt-dlp não retornou um caminho de arquivo válido para 'Donna Lee - Play along - C bass instruments'
2025-10-21 10:11:12,053 - ERROR - yt-dlp não retornou um caminho de arquivo válido para 'Dewey Square - Play along - C bass instruments'
2025-10-21 10:11:36,530 - ERROR - yt-dlp não retornou um caminho de arquivo válido para 'Beautiful love - Play along - C bass instruments'
2025-10-21 10:11:40,029 - ERROR - yt-dlp não retornou um caminho de arquivo válido para 'My little suede shoes - Play along - C bass instruments'
2025-10-21 10:11:45,101 - ERROR - yt-dlp não retornou um caminho de arquivo válido para 'Now's The Time - Play along - C bass instruments'
2025-10-21 10:11:50,266 - ERROR - yt-dlp não retornou um caminho de arquivo válido para 'Ornithology - Play along - C bass instruments'
2025-10-21 10:12:21,385 - ERROR - yt-dlp não retornou um caminho de arquivo válido para 'Thirving from a riff (Anthropology) - Play Along - C bass instruments'
2025-10-21 10:12:26,093 - ERROR - yt-dlp não retornou um caminho de arquivo válido para 'Scrapple From The Apple - Play along - C bass instruments'
2025-10-21 10:12:45,182 - ERROR - yt-dlp não retornou um caminho de arquivo válido para 'Perdido - Play along - C bass instruments'
2025-10-21 10:12:51,937 - ERROR - yt-dlp não retornou um caminho de arquivo válido para 'Yardbird Suite - Play along - C bass instruments'
2025-10-21 10:13:16,422 - ERROR - yt-dlp não retornou um caminho de arquivo válido para 'Milestones - Play along - C bass instruments'
2025-10-21 10:13:41,425 - ERROR - yt-dlp não retornou um caminho de arquivo válido para 'Nardis - Play along - C bass instruments'
2025-10-21 10:13:51,266 - ERROR - yt-dlp não retornou um caminho de arquivo válido para 'I'm just a lucky so and so - Play along - C bass instruments'
2025-10-21 10:13:57,426 - ERROR - yt-dlp não retornou um caminho de arquivo válido para 'In a sentimental mood - Play along - C bass instruments'
2025-10-21 10:14:25,863 - ERROR - yt-dlp não retornou um caminho de arquivo válido para 'Blue In Green - Play along - C bass instruments'
2025-10-21 10:14:34,701 - ERROR - yt-dlp não retornou um caminho de arquivo válido para 'I'm beginning to see the light - Play along - C bass instruments'
2025-10-21 10:15:06,125 - ERROR - yt-dlp não retornou um caminho de arquivo válido para 'Four - Play along - C bass instruments'
2025-10-21 10:15:09,156 - ERROR - yt-dlp não retornou um caminho de arquivo válido para 'Half Nelson - Play along - C bass instruments'
2025-10-21 10:15:09,158 - ERROR - yt-dlp não retornou um caminho de arquivo válido para 'Do Nothin' Till You Hear From Me - Play along - C bass instruments'
2025-10-21 10:15:19,169 - ERROR - yt-dlp não retornou um caminho de arquivo válido para 'Caravan - Play along - C bass instruments'
2025-10-21 10:15:49,385 - ERROR - yt-dlp não retornou um caminho de arquivo válido para 'Take the "A" train - Play along - C bass instruments'
2025-10-21 10:15:55,504 - ERROR - yt-dlp não retornou um caminho de arquivo válido para 'Tune up - Play along - C bass instruments'
2025-10-21 10:16:09,469 - ERROR - yt-dlp não retornou um caminho de arquivo válido para 'Sophisticated lady - Play along - C bass instruments'
2025-10-21 10:16:13,345 - ERROR - yt-dlp não retornou um caminho de arquivo válido para 'Solar - Play along - C bass instruments'
2025-10-21 10:16:28,274 - ERROR - yt-dlp não retornou um caminho de arquivo válido para 'Seven steps to heaven - Play along - C bass instruments'
2025-10-21 10:17:05,077 - ERROR - yt-dlp não retornou um caminho de arquivo válido para 'Birk's works - Play along - C bass instruments'
2025-10-21 10:17:15,533 - ERROR - yt-dlp não retornou um caminho de arquivo válido para 'Feels so good - Play along - C bass instruments'
2025-10-21 10:17:16,484 - ERROR - yt-dlp não retornou um caminho de arquivo válido para 'Satin doll - Play along - C bass instruments'
2025-10-21 10:17:19,073 - ERROR - yt-dlp não retornou um caminho de arquivo válido para 'Prelude to a kiss - Play along - C bass instruments'
2025-10-21 10:17:46,503 - ERROR - yt-dlp não retornou um caminho de arquivo válido para 'Blues for alice - Play along - C bass instruments'
2025-10-21 10:17:49,189 - ERROR - yt-dlp não retornou um caminho de arquivo válido para 'C Jam blues - Play along - C bass instruments'
2025-10-21 10:18:01,791 - ERROR - yt-dlp não retornou um caminho de arquivo válido para 'Blues in the closet - Play along - C bass instrument'
2025-10-21 10:18:27,957 - ERROR - yt-dlp não retornou um caminho de arquivo válido para 'Mr.  P.C. -  Play along - C bass instruments'
2025-10-21 10:18:28,091 - ERROR - yt-dlp não retornou um caminho de arquivo válido para 'Tenor madness - Play along - C bass instrument'
2025-10-21 10:18:28,380 - ERROR - yt-dlp não retornou um caminho de arquivo válido para 'Freddie freeloader - Play along - C bass instruments'
2025-10-21 10:18:48,125 - ERROR - yt-dlp não retornou um caminho de arquivo válido para 'Things ain't what they used to be - Play along - C bass instruments'
2025-10-21 10:19:30,804 - ERROR - yt-dlp não retornou um caminho de arquivo válido para 'My One And Only Love - Play along - C bass Instruments'
2025-10-21 10:19:31,903 - ERROR - yt-dlp não retornou um caminho de arquivo válido para 'My Romance - Play along - C bass Instruments'
2025-10-21 10:19:33,842 - ERROR - yt-dlp não retornou um caminho de arquivo válido para 'The Nearness of You - Play along - C bass Instruments'
2025-10-21 10:19:38,110 - ERROR - yt-dlp não retornou um caminho de arquivo válido para 'My Funny Valentine - Play along - C bass Instruments'
2025-10-21 10:20:21,486 - ERROR - yt-dlp não retornou um caminho de arquivo válido para 'Misty - Play along - C bass Instruments'
2025-10-21 10:20:24,434 - ERROR - yt-dlp não retornou um caminho de arquivo válido para 'But Beautiful - Play along - C bass Instruments'
2025-10-21 10:20:33,081 - ERROR - yt-dlp não retornou um caminho de arquivo válido para 'My Foolish Heart - Play along - C bass Instruments'
2025-10-21 10:20:39,130 - ERROR - yt-dlp não retornou um caminho de arquivo válido para 'Here is That Rainy Day - Play along - C bass Instruments'
2025-10-21 10:21:20,116 - ERROR - yt-dlp não retornou um caminho de arquivo válido para 'Angel eyes - Play along - C version'
2025-10-21 10:21:22,984 - ERROR - yt-dlp não retornou um caminho de arquivo válido para 'All the things you are - Play along - C version'
2025-10-21 10:21:22,986 - ERROR - yt-dlp não retornou um caminho de arquivo válido para 'Alone together - Play along - C version'
2025-10-21 10:21:24,357 - ERROR - yt-dlp não retornou um caminho de arquivo válido para 'Body and Soul - Play along - C bass Instruments'
2025-10-21 10:22:02,712 - ERROR - yt-dlp não retornou um caminho de arquivo válido para 'Afternoon in paris - Play along - C version'
2025-10-21 10:22:07,952 - ERROR - yt-dlp não retornou um caminho de arquivo válido para 'Alice in wonderland - Play along - C version'
2025-10-21 10:22:19,544 - ERROR - yt-dlp não retornou um caminho de arquivo válido para 'All of me - Play along - C version'
2025-10-21 10:22:21,114 - ERROR - yt-dlp não retornou um caminho de arquivo válido para 'A foggy day - Play along - C version'
2025-10-21 10:22:31,368 - ERROR - yt-dlp não retornou um caminho de arquivo válido para '500 miles high - Play along - C Instruments version'
2025-10-21 10:22:36,106 - ERROR - yt-dlp não retornou um caminho de arquivo válido para 'A fine romance - Play along - C version'
2025-10-21 10:22:47,730 - ERROR - yt-dlp não retornou um caminho de arquivo válido para 'Afro Blue - Play along - C version'
2025-10-21 10:22:52,357 - ERROR - yt-dlp não retornou um caminho de arquivo válido para 'Blue Bossa C version - Play along'
2025-10-21 10:22:58,605 - ERROR - yt-dlp não retornou um caminho de arquivo válido para 'A child is born - Play along - C Version'
2025-10-21 10:23:38,312 - ERROR - yt-dlp não retornou um caminho de arquivo válido para '502 Blues - Play along - C version'
2025-10-21 10:23:41,633 - ERROR - yt-dlp não retornou um caminho de arquivo válido para 'All Blues - Play along - C version'
2025-10-21 10:23:43,256 - ERROR - yt-dlp não retornou um caminho de arquivo válido para 'Airegin - Play along - C version'
2025-10-21 10:23:52,332 - ERROR - yt-dlp não retornou um caminho de arquivo válido para 'All in love is fair - Play along - C version'
2025-10-21 10:24:31,475 - ERROR - yt-dlp não retornou um caminho de arquivo válido para 'All My Tomorrows - Play along - C version'
2025-10-21 10:24:49,647 - ERROR - yt-dlp não retornou um caminho de arquivo válido para 'All of You - Play along - C version'
2025-10-21 10:24:49,933 - ERROR - yt-dlp não retornou um caminho de arquivo válido para 'Anthropology - Play along - C version'
2025-10-21 10:24:56,100 - ERROR - yt-dlp não retornou um caminho de arquivo válido para 'Ana Maria - Play along - C version'
2025-10-21 10:25:11,195 - ERROR - yt-dlp não retornou um caminho de arquivo válido para 'April In Paris - Play along - C version'
2025-10-21 10:25:33,154 - ERROR - yt-dlp não retornou um caminho de arquivo válido para 'April Joy - Play along - C version'
2025-10-21 10:25:45,761 - ERROR - yt-dlp não retornou um caminho de arquivo válido para 'Au Privave  - Play along - C version'
2025-10-21 10:25:57,520 - ERROR - yt-dlp não retornou um caminho de arquivo válido para 'As Time Goes By - Play along - C version'
2025-10-21 10:25:57,842 - ERROR - yt-dlp não retornou um caminho de arquivo válido para 'Autumn Leaves E minor version - Play along - C version'
2025-10-21 10:26:35,304 - ERROR - yt-dlp não retornou um caminho de arquivo válido para 'Arise Her Eyes - Play along - C version'
2025-10-21 10:26:40,976 - ERROR - yt-dlp não retornou um caminho de arquivo válido para 'Autumn Leaves D minor version - Play along - C version'
2025-10-21 10:26:41,084 - ERROR - yt-dlp não retornou um caminho de arquivo válido para 'Beautiful love - Play along - C instruments'
2025-10-21 10:26:45,016 - ERROR - yt-dlp não retornou um caminho de arquivo válido para 'Autumn In New York - Play along - C version'
2025-10-21 10:27:23,932 - ERROR - yt-dlp não retornou um caminho de arquivo válido para 'Confirmation - Play along - C instruments'
2025-10-21 10:27:24,211 - ERROR - yt-dlp não retornou um caminho de arquivo válido para 'Donna Lee -Play along - C instruments'
2025-10-21 10:27:27,502 - ERROR - yt-dlp não retornou um caminho de arquivo válido para 'Dewey Square - Play along - C instruments'
2025-10-21 10:27:27,522 - ERROR - yt-dlp não retornou um caminho de arquivo válido para 'My little suede shoes - Play along - C instruments'
2025-10-21 10:27:53,524 - ERROR - yt-dlp não retornou um caminho de arquivo válido para 'Now's The Time - Play along - C instruments'
2025-10-21 10:28:05,671 - ERROR - yt-dlp não retornou um caminho de arquivo válido para 'Thirving from a riff (Anthropology) - Play Along - C instruments'
2025-10-21 10:28:17,620 - ERROR - yt-dlp não retornou um caminho de arquivo válido para 'Ornithology - Play along - C instruments'
2025-10-21 10:28:21,058 - ERROR - yt-dlp não retornou um caminho de arquivo válido para 'Scrapple From The Apple - Play along - C instruments'
2025-10-21 10:28:38,139 - ERROR - yt-dlp não retornou um caminho de arquivo válido para 'Yardbird Suite - Play along - C instruments'
2025-10-21 10:29:09,377 - ERROR - yt-dlp não retornou um caminho de arquivo válido para 'Perdido - Play along - C instruments'
2025-10-21 10:29:10,014 - ERROR - yt-dlp não retornou um caminho de arquivo válido para 'Milestones - Play along - C instruments'
2025-10-21 10:29:18,487 - ERROR - yt-dlp não retornou um caminho de arquivo válido para 'Nardis - Play along - C instruments'
2025-10-21 10:30:13,322 - ERROR - yt-dlp não retornou um caminho de arquivo válido para 'In a sentimental mood - Play along - C instruments'
2025-10-21 10:30:14,106 - ERROR - yt-dlp não retornou um caminho de arquivo válido para 'Blue In Green - Play along - C instruments'
2025-10-21 10:30:21,284 - ERROR - yt-dlp não retornou um caminho de arquivo válido para 'I'm beginning to see the light - Play along - C instruments'
2025-10-21 10:30:21,653 - ERROR - yt-dlp não retornou um caminho de arquivo válido para 'I'm just a lucky so and so - Play along - C instruments'
2025-10-21 10:30:46,622 - ERROR - yt-dlp não retornou um caminho de arquivo válido para 'Half Nelson - Play along - C instruments'
2025-10-21 10:30:50,981 - ERROR - yt-dlp não retornou um caminho de arquivo válido para 'Four - Play along - C instruments'
2025-10-21 10:31:29,311 - ERROR - yt-dlp não retornou um caminho de arquivo válido para 'Take the "A" train - Play along - C instruments'
2025-10-21 10:31:36,864 - ERROR - yt-dlp não retornou um caminho de arquivo válido para 'Tune up - Play along - C instruments'
2025-10-21 10:31:41,477 - ERROR - yt-dlp não retornou um caminho de arquivo válido para 'Caravan - Play along - C instruments'
2025-10-21 10:31:46,302 - ERROR - yt-dlp não retornou um caminho de arquivo válido para 'Do Nothin' Till You Hear From Me - Play along - C instruments'
2025-10-21 10:32:08,676 - ERROR - yt-dlp não retornou um caminho de arquivo válido para 'Solar - Play along - C instruments'
2025-10-21 10:32:41,865 - ERROR - yt-dlp não retornou um caminho de arquivo válido para 'Seven steps to heaven - Play along - C instruments'
2025-10-21 10:32:50,427 - ERROR - yt-dlp não retornou um caminho de arquivo válido para 'Sophisticated lady - Play along - C instruments'
2025-10-21 10:33:01,121 - ERROR - yt-dlp não retornou um caminho de arquivo válido para 'Satin doll - Play along - C instruments'
2025-10-21 10:33:04,322 - ERROR - yt-dlp não retornou um caminho de arquivo válido para 'Prelude to a kiss - Play along - C instruments'
2025-10-21 10:33:27,932 - ERROR - yt-dlp não retornou um caminho de arquivo válido para 'Blues for alice - Play along - C instruments'
2025-10-21 10:33:31,117 - ERROR - yt-dlp não retornou um caminho de arquivo válido para 'Feels so good - Play along - C instruments'
2025-10-21 10:33:51,500 - ERROR - yt-dlp não retornou um caminho de arquivo válido para 'Blues in the closet - Play along - C instruments'
2025-10-21 10:34:06,876 - ERROR - yt-dlp não retornou um caminho de arquivo válido para 'C Jam blues - Play along - C instruments'
2025-10-21 10:34:19,163 - ERROR - yt-dlp não retornou um caminho de arquivo válido para 'Freddie freeloader - Play along - C instruments'
2025-10-21 10:34:19,522 - ERROR - yt-dlp não retornou um caminho de arquivo válido para 'Birk's works - Play along - C instruments'
2025-10-21 10:34:28,370 - ERROR - yt-dlp não retornou um caminho de arquivo válido para 'Mr.  P.C. - Play along - C instruments'
2025-10-21 10:34:57,309 - ERROR - yt-dlp não retornou um caminho de arquivo válido para 'Things ain't what they used to be - Play along - C instruments'
2025-10-21 10:35:03,308 - ERROR - yt-dlp não retornou um caminho de arquivo válido para 'Tenor madness - Play along - C instruments'
2025-10-21 10:35:12,103 - ERROR - yt-dlp não retornou um caminho de arquivo válido para 'The Nearness of You - Play along - C Instruments'
2025-10-21 10:35:33,624 - ERROR - yt-dlp não retornou um caminho de arquivo válido para 'My Romance - Play along - C Instruments'
2025-10-21 10:35:48,966 - ERROR - yt-dlp não retornou um caminho de arquivo válido para 'My One And Only Love - Play along - C Instruments'
2025-10-21 10:35:59,010 - ERROR - yt-dlp não retornou um caminho de arquivo válido para 'My Foolish Heart - Play along - C Instruments'
2025-10-21 10:36:13,205 - ERROR - yt-dlp não retornou um caminho de arquivo válido para 'My Funny Valentine - Play along - C Instruments'
2025-10-21 10:36:41,501 - ERROR - yt-dlp não retornou um caminho de arquivo válido para 'Misty - Play along - C Instruments'
2025-10-21 10:36:55,282 - ERROR - yt-dlp não retornou um caminho de arquivo válido para 'Here is That Rainy Day - Play along - C Instruments'
2025-10-21 10:36:56,279 - ERROR - yt-dlp não retornou um caminho de arquivo válido para 'Body and Soul - Play along - C Instruments'
2025-10-21 10:36:58,456 - ERROR - yt-dlp não retornou um caminho de arquivo válido para 'But Beautiful - Play along - C Instruments'
